
  .   ____          _            __ _ _
 /\\ / ___'_ __ _ _(_)_ __  __ _ \ \ \ \
( ( )\___ | '_ | '_| | '_ \/ _` | \ \ \ \
 \\/  ___)| |_)| | | | | || (_| |  ) ) ) )
  '  |____| .__|_| |_|_| |_\__, | / / / /
 =========|_|==============|___/=/_/_/_/
 :: Spring Boot ::                (v3.2.5)

2026-05-13T17:10:34.058+01:00  INFO 21092 --- [location-car] [           main] com.carrental.LocationCarApplication     : Starting LocationCarApplication v0.0.1-SNAPSHOT using Java 21.0.6 with PID 21092 (C:\Users\amdda\Downloads\location-car\server\target\location-car-0.0.1-SNAPSHOT.jar started by amdda in C:\Users\amdda\Downloads\location-car\server)
2026-05-13T17:10:34.066+01:00  INFO 21092 --- [location-car] [           main] com.carrental.LocationCarApplication     : No active profile set, falling back to 1 default profile: "default"
2026-05-13T17:10:36.008+01:00  INFO 21092 --- [location-car] [           main] .s.d.r.c.RepositoryConfigurationDelegate : Bootstrapping Spring Data JPA repositories in DEFAULT mode.
2026-05-13T17:10:36.326+01:00  INFO 21092 --- [location-car] [           main] .s.d.r.c.RepositoryConfigurationDelegate : Finished Spring Data repository scanning in 290 ms. Found 11 JPA repository interfaces.
2026-05-13T17:10:37.736+01:00  INFO 21092 --- [location-car] [           main] o.s.b.w.embedded.tomcat.TomcatWebServer  : Tomcat initialized with port 8082 (http)
2026-05-13T17:10:37.770+01:00  INFO 21092 --- [location-car] [           main] o.apache.catalina.core.StandardService   : Starting service [Tomcat]
2026-05-13T17:10:37.772+01:00  INFO 21092 --- [location-car] [           main] o.apache.catalina.core.StandardEngine    : Starting Servlet engine: [Apache Tomcat/10.1.20]
2026-05-13T17:10:37.863+01:00  INFO 21092 --- [location-car] [           main] o.a.c.c.C.[Tomcat].[localhost].[/]       : Initializing Spring embedded WebApplicationContext
2026-05-13T17:10:37.865+01:00  INFO 21092 --- [location-car] [           main] w.s.c.ServletWebServerApplicationContext : Root WebApplicationContext: initialization completed in 3605 ms
2026-05-13T17:10:38.231+01:00  INFO 21092 --- [location-car] [           main] o.hibernate.jpa.internal.util.LogHelper  : HHH000204: Processing PersistenceUnitInfo [name: default]
2026-05-13T17:10:38.456+01:00  INFO 21092 --- [location-car] [           main] org.hibernate.Version                    : HHH000412: Hibernate ORM core version 6.4.4.Final
2026-05-13T17:10:38.575+01:00  INFO 21092 --- [location-car] [           main] o.h.c.internal.RegionFactoryInitiator    : HHH000026: Second-level cache disabled
2026-05-13T17:10:39.255+01:00  INFO 21092 --- [location-car] [           main] o.s.o.j.p.SpringPersistenceUnitInfo      : No LoadTimeWeaver setup: ignoring JPA class transformer
2026-05-13T17:10:39.366+01:00  INFO 21092 --- [location-car] [           main] com.zaxxer.hikari.HikariDataSource       : HikariPool-1 - Starting...
2026-05-13T17:10:40.136+01:00  INFO 21092 --- [location-car] [           main] com.zaxxer.hikari.pool.HikariPool        : HikariPool-1 - Added connection org.postgresql.jdbc.PgConnection@4404a6b
2026-05-13T17:10:40.142+01:00  INFO 21092 --- [location-car] [           main] com.zaxxer.hikari.HikariDataSource       : HikariPool-1 - Start completed.
2026-05-13T17:10:43.154+01:00  INFO 21092 --- [location-car] [           main] o.h.e.t.j.p.i.JtaPlatformInitiator       : HHH000489: No JTA platform available (set 'hibernate.transaction.jta.platform' to enable JTA platform integration)
2026-05-13T17:10:43.476+01:00  INFO 21092 --- [location-car] [           main] j.LocalContainerEntityManagerFactoryBean : Initialized JPA EntityManagerFactory for persistence unit 'default'
2026-05-13T17:10:46.581+01:00  INFO 21092 --- [location-car] [           main] o.s.d.j.r.query.QueryEnhancerFactory     : Hibernate is in classpath; If applicable, HQL parser will be used.
2026-05-13T17:10:48.101+01:00  INFO 21092 --- [location-car] [           main] com.carrental.util.EncryptionUtil        : EncryptionUtil initialized with AES-256 GCM
2026-05-13T17:10:48.520+01:00  WARN 21092 --- [location-car] [           main] JpaBaseConfiguration$JpaWebConfiguration : spring.jpa.open-in-view is enabled by default. Therefore, database queries may be performed during view rendering. Explicitly configure spring.jpa.open-in-view to disable this warning
2026-05-13T17:10:50.180+01:00  INFO 21092 --- [location-car] [           main] o.s.s.web.DefaultSecurityFilterChain     : Will secure any request with [org.springframework.security.web.session.DisableEncodeUrlFilter@5bee88e3, org.springframework.security.web.context.request.async.WebAsyncManagerIntegrationFilter@2dd25088, org.springframework.security.web.context.SecurityContextHolderFilter@6f3cf9ac, org.springframework.security.web.header.HeaderWriterFilter@28322fd3, org.springframework.web.filter.CorsFilter@586f1bef, org.springframework.security.web.authentication.logout.LogoutFilter@4d19ddeb, com.carrental.security.JwtAuthenticationFilter@1a23136f, com.carrental.security.SubscriptionFilter@23a78d2e, org.springframework.security.web.savedrequest.RequestCacheAwareFilter@8dba70a, org.springframework.security.web.servletapi.SecurityContextHolderAwareRequestFilter@249c96cf, org.springframework.security.web.authentication.AnonymousAuthenticationFilter@546ab02b, org.springframework.security.web.session.SessionManagementFilter@6b56e8ee, org.springframework.security.web.access.ExceptionTranslationFilter@1b3606e8, org.springframework.security.web.access.intercept.AuthorizationFilter@65c2610f]
2026-05-13T17:10:51.177+01:00  WARN 21092 --- [location-car] [           main] ConfigServletWebServerApplicationContext : Exception encountered during context initialization - cancelling refresh attempt: org.springframework.context.ApplicationContextException: Failed to start bean 'webServerStartStop'
2026-05-13T17:10:51.184+01:00  INFO 21092 --- [location-car] [           main] j.LocalContainerEntityManagerFactoryBean : Closing JPA EntityManagerFacto2026-05-13T17:11:28.239+01:00  INFO 28808 --- [location-car] [nio-8082-exec-2] o.a.c.c.C.[Tomcat].[localhost].[/]       : Initializing Spring DispatcherServlet 'dispatcherServlet'
2026-05-13T17:11:28.240+01:00  INFO 28808 --- [location-car] [nio-8082-exec-2] o.s.web.servlet.DispatcherServlet        : Initializing Servlet 'dispatcherServlet'
2026-05-13T17:11:28.241+01:00  INFO 28808 --- [location-car] [nio-8082-exec-2] o.s.web.servlet.DispatcherServlet        : Completed initialization in 1 ms
Hibernate: 
    select
        u1_0.id,
        u1_0.email,
        u1_0.password,
        u1_0.role,
        u1_0.tenant_id 
    from
        users u1_0 
    join
        tenants t1_0 
            on t1_0.id=u1_0.tenant_id 
    where
        u1_0.email=? 
        and t1_0.id=?
Hibernate: 
    select
        t1_0.id,
        t1_0.address,
        t1_0.city,
        t1_0.country,
        t1_0.email,
        t1_0.name,
        t1_0.phone,
        t1_0.subscription_active,
        t1_0.subscription_end_date,
        t1_0.tax_id 
    from
        tenants t1_0 
    where
        t1_0.id=?
2026-05-13T17:11:29.859+01:00 ERROR 28808 --- [location-car] [nio-8082-exec-1] c.carrental.service.GpsProviderService   : GPS provider test error for IOPGPS: Failed to resolve 'api.iopgps.com' [A(1)]
Hibernate: 
    select
        u1_0.id,
        u1_0.email,
        u1_0.password,
        u1_0.role,
        u1_0.tenant_id 
    from
        users u1_0 
    join
        tenants t1_0 
            on t1_0.id=u1_0.tenant_id 
    where
        u1_0.email=? 
        and t1_0.id=?
Hibernate: 
    select
        t1_0.id,
        t1_0.address,
        t1_0.city,
        t1_0.country,
        t1_0.email,
        t1_0.name,
        t1_0.phone,
        t1_0.subscription_active,
        t1_0.subscription_end_date,
        t1_0.tax_id 
    from
        tenants t1_0 
    where
        t1_0.id=?
2026-05-13T17:11:50.394+01:00 ERROR 28808 --- [location-car] [nio-8082-exec-4] c.carrental.service.GpsProviderService   : GPS provider test error for IOPGPS: API error: <!doctype html><html lang="en"><head><meta charset="utf-8"><meta http-equiv="X-UA-Compatible" content="IE=edge"><title>Loading</title><link rel="dns-prefetch" href="//staticww.gpscdn.com"><meta name="Keywords" content="IOP GPS"><meta name="Description" content="GPS provides vehicle and cargo tracking managment total solution for your business. GPS enables remote fleet management and cost control easily with lots of powerful features, including real-time tracking, history playback, alarm recording, business dashboard, etc. With its user-friendly interface and advanced capabilities, GPS is the first choice for your business seeking a comprehensive, reliable vehicle tracking management platform."><meta name="Copyright" content="Copyright 2008-<!--inject--> Shanghai Goome industrial co., LTD"><link id="favicon" href="" rel="icon" type="image/x-icon"><link href="//static.hw.gpscdn.com/gpsen_v2/styles/116_7fe5ef1a.css" rel="stylesheet"><link href="//static.hw.gpscdn.com/gpsen_v2/styles/930_df6099c4.css" rel="stylesheet"><link href="//static.hw.gpscdn.com/gpsen_v2/styles/login_0c82a518.css" rel="stylesheet"><link rel="stylesheet/less" href="//static.hw.gpscdn.com/gpsen_v2/static/baseless/color.less"><link rel="stylesheet/less" href="//static.hw.gpscdn.com/gpsen_v2/static/baseless/vars.less"><link href="//at.alicdn.com/t/c/font_3691102_rdoywxtr9uo.css" rel="stylesheet"><link rel="stylesheet" href="//static.hw.gpscdn.com/gpsen_v2/static/baseless/mutiLanguageFlag.css"><script src="//static.hw.gpscdn.com/gpsen/libs/jquery.min.js"></script><script src="//static.hw.gpscdn.com/gpsen_v2/static/js/moment-with-locales.min.js"></script></head><body><script>window.less={async:!0,env:"production"},document.write('<script type="text/javascript" src="//static.hw.gpscdn.com/gpsen_v2/static/js/base64_md5_const_countryflag.min.js?v='+Math.random()+'"><\/script>')</script><script src="//static.hw.gpscdn.com/gpsen/utils/newLess.min.js?v=2.7.0"></script><div id="app"></div><script type="text/javascript" src="//static.hw.gpscdn.com/gpsen_v2/js/116_vendors.015e5f03.js"></script><script type="text/javascript" src="//static.hw.gpscdn.com/gpsen_v2/js/769.302edbfa.js"></script><script type="text/javascript" src="//static.hw.gpscdn.com/gpsen_v2/js/254.0a95ce01.js"></script><script type="text/javascript" src="//static.hw.gpscdn.com/gpsen_v2/js/930_default.ed70b7df.js"></script><script type="text/javascript" src="//static.hw.gpscdn.com/gpsen_v2/js/login.68cb3f5b.js"></script></body></html>
Hibernate: 
    select
        u1_0.id,
        u1_0.email,
        u1_0.password,
        u1_0.role,
        u1_0.tenant_id 
    from
        users u1_0 
    join
        tenants t1_0 
            on t1_0.id=u1_0.tenant_id 
    where
        u1_0.email=? 
        and t1_0.id=?
Hibernate: 
    select
        t1_0.id,
        t1_0.address,
        t1_0.city,
        t1_0.country,
        t1_0.email,
        t1_0.name,
        t1_0.phone,
        t1_0.subscription_active,
        t1_0.subscription_end_date,
        t1_0.tax_id 
    from
        tenants t1_0 
    where
        t1_0.id=?
2026-05-13T17:12:29.031+01:00 ERROR 28808 --- [location-car] [nio-8082-exec-6] c.carrental.service.GpsProviderService   : GPS provider test error for IOPGPS: API error: <!doctype html><html lang="en"><head><meta charset="utf-8"><meta http-equiv="X-UA-Compatible" content="IE=edge"><title>Loading</title><link rel="dns-prefetch" href="//staticww.gpscdn.com"><meta name="Keywords" content="IOP GPS"><meta name="Description" content="GPS provides vehicle and cargo tracking managment total solution for your business. GPS enables remote fleet management and cost control easily with lots of powerful features, including real-time tracking, history playback, alarm recording, business dashboard, etc. With its user-friendly interface and advanced capabilities, GPS is the first choice for your business seeking a comprehensive, reliable vehicle tracking management platform."><meta name="Copyright" content="Copyright 2008-<!--inject--> Shanghai Goome industrial co., LTD"><link id="favicon" href="" rel="icon" type="image/x-icon"><link href="//static.hw.gpscdn.com/gpsen_v2/styles/116_7fe5ef1a.css" rel="stylesheet"><link href="//static.hw.gpscdn.com/gpsen_v2/styles/930_df6099c4.css" rel="stylesheet"><link href="//static.hw.gpscdn.com/gpsen_v2/styles/login_0c82a518.css" rel="stylesheet"><link rel="stylesheet/less" href="//static.hw.gpscdn.com/gpsen_v2/static/baseless/color.less"><link rel="stylesheet/less" href="//static.hw.gpscdn.com/gpsen_v2/static/baseless/vars.less"><link href="//at.alicdn.com/t/c/font_3691102_rdoywxtr9uo.css" rel="stylesheet"><link rel="stylesheet" href="//static.hw.gpscdn.com/gpsen_v2/static/baseless/mutiLanguageFlag.css"><script src="//static.hw.gpscdn.com/gpsen/libs/jquery.min.js"></script><script src="//static.hw.gpscdn.com/gpsen_v2/static/js/moment-with-locales.min.js"></script></head><body><script>window.less={async:!0,env:"production"},document.write('<script type="text/javascript" src="//static.hw.gpscdn.com/gpsen_v2/static/js/base64_md5_const_countryflag.min.js?v='+Math.random()+'"><\/script>')</script><script src="//static.hw.gpscdn.com/gpsen/utils/newLess.min.js?v=2.7.0"></script><div id="app"></div><script type="text/javascript" src="//static.hw.gpscdn.com/gpsen_v2/js/116_vendors.015e5f03.js"></script><script type="text/javascript" src="//static.hw.gpscdn.com/gpsen_v2/js/769.302edbfa.js"></script><script type="text/javascript" src="//static.hw.gpscdn.com/gpsen_v2/js/254.0a95ce01.js"></script><script type="text/javascript" src="//static.hw.gpscdn.com/gpsen_v2/js/930_default.ed70b7df.js"></script><script type="text/javascript" src="//static.hw.gpscdn.com/gpsen_v2/js/login.68cb3f5b.js"></script></body></html>
